app/build/intermediates/manifest_merge_blame_file/debug/manifest-merger-blame-debug-report.txt
1<?xml version="1.0" encoding="utf-8"?>
2<manifest xmlns:android="http://schemas.android.com/apk/res/android"
3    package="com.extraaedge.eeblueprintsample"
4    android:versionCode="1"
5    android:versionName="1.0" >
6
7    <uses-sdk
8        android:minSdkVersion="21"
8-->src\main\AndroidManifest.xml
9        android:targetSdkVersion="33" />
9-->src\main\AndroidManifest.xml
10
11    <uses-permission android:name="android.permission.ACCESS_NETWORK_STATE" />
11-->[:eeblueprint] AndroidManifest.xml:9:5-79
11-->[:eeblueprint] AndroidManifest.xml:9:22-76
12    <uses-permission android:name="android.permission.INTERNET" />
12-->[:eeblueprint] AndroidManifest.xml:10:5-67
12-->[:eeblueprint] AndroidManifest.xml:10:22-64
13
14    <application
14-->src\main\AndroidManifest.xml:4:5-20:19
15        android:allowBackup="true"
15-->src\main\AndroidManifest.xml:4:18-44
16        android:appComponentFactory="androidx.core.app.CoreComponentFactory"
16-->[androidx.core:core:1.6.0] AndroidManifest.xml:24:18-86
17        android:debuggable="true"
18        android:icon="@mipmap/ic_launcher"
18-->src\main\AndroidManifest.xml:6:18-52
19        android:label="@string/app_name"
19-->src\main\AndroidManifest.xml:5:18-50
20        android:roundIcon="@mipmap/ic_launcher_round"
20-->src\main\AndroidManifest.xml:7:18-63
21        android:supportsRtl="true"
21-->src\main\AndroidManifest.xml:8:18-44
22        android:theme="@style/BlueprintTheme" >
22-->src\main\AndroidManifest.xml:9:18-55
23        <activity
23-->src\main\AndroidManifest.xml:12:9-17:20
24            android:name="com.extraaedge.eeblueprintsample.SampleActivity"
24-->src\main\AndroidManifest.xml:12:19-49
25            android:exported="true" >
25-->src\main\AndroidManifest.xml:12:50-73
26            <intent-filter>
26-->src\main\AndroidManifest.xml:13:13-16:29
27                <category android:name="android.intent.category.LAUNCHER" />
27-->src\main\AndroidManifest.xml:14:17-76
27-->src\main\AndroidManifest.xml:14:27-74
28
29                <action android:name="android.intent.action.MAIN" />
29-->src\main\AndroidManifest.xml:15:17-68
29-->src\main\AndroidManifest.xml:15:25-66
30            </intent-filter>
31        </activity>
32
33        <service
33-->[androidx.room:room-runtime:2.3.0] AndroidManifest.xml:25:9-28:40
34            android:name="androidx.room.MultiInstanceInvalidationService"
34-->[androidx.room:room-runtime:2.3.0] AndroidManifest.xml:26:13-74
35            android:directBootAware="true"
35-->[androidx.room:room-runtime:2.3.0] AndroidManifest.xml:27:13-43
36            android:exported="false" />
36-->[androidx.room:room-runtime:2.3.0] AndroidManifest.xml:28:13-37
37
38        <provider
38-->[androidx.lifecycle:lifecycle-process:2.2.0] AndroidManifest.xml:25:9-29:43
39            android:name="androidx.lifecycle.ProcessLifecycleOwnerInitializer"
39-->[androidx.lifecycle:lifecycle-process:2.2.0] AndroidManifest.xml:26:13-79
40            android:authorities="com.extraaedge.eeblueprintsample.lifecycle-process"
40-->[androidx.lifecycle:lifecycle-process:2.2.0] AndroidManifest.xml:27:13-69
41            android:exported="false"
41-->[androidx.lifecycle:lifecycle-process:2.2.0] AndroidManifest.xml:28:13-37
42            android:multiprocess="true" />
42-->[androidx.lifecycle:lifecycle-process:2.2.0] AndroidManifest.xml:29:13-40
43    </application>
44
45</manifest>